1 8 5 9 2 3 7 6 4 
2 3 4 6 8 7 5 1 9 
6 9 7 5 1 4 3 8 2 
4 7 1 3 9 8 2 5 6 
9 6 8 2 7 5 4 3 1 
5 2 3 4 6 1 9 7 8 
3 1 6 7 4 2 8 9 5 
7 4 9 8 5 6 1 2 3 
8 5 2 1 3 9 6 4 7 

==== EXECUTION REPORT ====
Result      =            0
Ticks       =      7353127
Swap        =           0%
Prim        =           6%
Unwind      =          29%
Update      =          13%
Apply       =          50%
PRS Success =          99%
#GCs        =          369
#Cases      =      2844821
Max Heap    =         5728
Max Stack   =           91
Max UStack  =           24
Max LStack  =           56
Cache hit   =          45%
TCache hit   =          72%
==========================
